<?xml version="1.0" encoding="UTF-8"?>
<!-- Generated by org.testng.reporters.JUnitXMLReporter -->
<testsuite ignored="0" hostname="santhoshkumar" failures="1" tests="2" name="register test cases" time="43.806" errors="0" timestamp="2026-04-11T09:31:15 IST">
  <testcase classname="testCases.SignUpTestCases" name="signUp" time="24.941"/>
  <testcase classname="testCases.AccountInfotestCases" name="accountInfo" time="8.127">
    <failure type="java.lang.AssertionError" message="expected [true] but found [false]">
      <![CDATA[java.lang.AssertionError: expected [true] but found [false]
at testPages.AccountInformationPage.AccountInformationsFunctions(AccountInformationPage.java:135)
at testCases.AccountInfotestCases.accountInfo(AccountInfotestCases.java:26)
at java.base/java.util.ArrayList.forEach(ArrayList.java:1596)
... Removed 29 stack frames]]>
    </failure>
  </testcase> <!-- accountInfo -->
</testsuite> <!-- register test cases -->
