<?xml version="1.0" encoding="UTF-8"?>
<testng-results ignored="0" total="2" passed="1" failed="1" skipped="0">
  <reporter-output>
  </reporter-output>
  <suite started-at="2026-04-11T09:30:31 IST" name="register user suite" finished-at="2026-04-11T09:31:15 IST" duration-ms="43806">
    <groups>
    </groups>
    <test started-at="2026-04-11T09:30:31 IST" name="register test cases" finished-at="2026-04-11T09:31:15 IST" duration-ms="43806">
      <class name="testCases.AccountInfotestCases">
        <test-method signature="accountInfo(java.lang.String,java.lang.String,java.lang.String,java.lang.String,java.lang.String,java.lang.String,java.lang.String,java.lang.String,java.lang.String,java.lang.String,java.lang.String,java.lang.String)[pri:2, instance:testCases.AccountInfotestCases@5c90e579]" started-at="2026-04-11T09:31:06 IST" name="accountInfo" data-provider="accountInfo" finished-at="2026-04-11T09:31:15 IST" duration-ms="8127" status="FAIL">
          <params>
            <param index="0">
              <value>
                <![CDATA[Saibaba1@3]]>
              </value>
            </param>
            <param index="1">
              <value>
                <![CDATA[2]]>
              </value>
            </param>
            <param index="2">
              <value>
                <![CDATA[February]]>
              </value>
            </param>
            <param index="3">
              <value>
                <![CDATA[1992]]>
              </value>
            </param>
            <param index="4">
              <value>
                <![CDATA[santhoshkumar]]>
              </value>
            </param>
            <param index="5">
              <value>
                <![CDATA[m]]>
              </value>
            </param>
            <param index="6">
              <value>
                <![CDATA[natrampalli]]>
              </value>
            </param>
            <param index="7">
              <value>
                <![CDATA[India]]>
              </value>
            </param>
            <param index="8">
              <value>
                <![CDATA[tamilnadu]]>
              </value>
            </param>
            <param index="9">
              <value>
                <![CDATA[chennai]]>
              </value>
            </param>
            <param index="10">
              <value>
                <![CDATA[635852]]>
              </value>
            </param>
            <param index="11">
              <value>
                <![CDATA[8456978945]]>
              </value>
            </param>
          </params>
          <exception class="java.lang.AssertionError">
            <message>
              <![CDATA[expected [true] but found [false]]]>
            </message>
            <full-stacktrace>
              <![CDATA[java.lang.AssertionError: expected [true] but found [false]
at org.testng.Assert.fail(Assert.java:111)
at org.testng.Assert.failNotEquals(Assert.java:1578)
at org.testng.Assert.assertTrue(Assert.java:57)
at org.testng.Assert.assertTrue(Assert.java:67)
at testPages.AccountInformationPage.AccountInformationsFunctions(AccountInformationPage.java:135)
at testCases.AccountInfotestCases.accountInfo(AccountInfotestCases.java:26)
at java.base/jdk.internal.reflect.DirectMethodHandleAccessor.invoke(DirectMethodHandleAccessor.java:103)
at java.base/java.lang.reflect.Method.invoke(Method.java:580)
at org.testng.internal.invokers.MethodInvocationHelper.invokeMethod(MethodInvocationHelper.java:141)
at org.testng.internal.invokers.TestInvoker.invokeMethod(TestInvoker.java:686)
at org.testng.internal.invokers.TestInvoker.invokeTestMethod(TestInvoker.java:230)
at org.testng.internal.invokers.MethodRunner.runInSequence(MethodRunner.java:63)
at org.testng.internal.invokers.TestInvoker$MethodInvocationAgent.invoke(TestInvoker.java:992)
at org.testng.internal.invokers.TestInvoker.invokeTestMethods(TestInvoker.java:203)
at org.testng.internal.invokers.TestMethodWorker.invokeTestMethods(TestMethodWorker.java:154)
at org.testng.internal.invokers.TestMethodWorker.run(TestMethodWorker.java:134)
at java.base/java.util.ArrayList.forEach(ArrayList.java:1596)
at org.testng.TestRunner.privateRun(TestRunner.java:739)
at org.testng.TestRunner.run(TestRunner.java:614)
at org.testng.SuiteRunner.runTest(SuiteRunner.java:421)
at org.testng.SuiteRunner.runSequentially(SuiteRunner.java:413)
at org.testng.SuiteRunner.privateRun(SuiteRunner.java:373)
at org.testng.SuiteRunner.run(SuiteRunner.java:312)
at org.testng.SuiteRunnerWorker.runSuite(SuiteRunnerWorker.java:52)
at org.testng.SuiteRunnerWorker.run(SuiteRunnerWorker.java:95)
at org.testng.TestNG.runSuitesSequentially(TestNG.java:1274)
at org.testng.TestNG.runSuitesLocally(TestNG.java:1208)
at org.testng.TestNG.runSuites(TestNG.java:1112)
at org.testng.TestNG.run(TestNG.java:1079)
at org.testng.remote.AbstractRemoteTestNG.run(AbstractRemoteTestNG.java:115)
at org.testng.remote.RemoteTestNG.initAndRun(RemoteTestNG.java:293)
at org.testng.remote.RemoteTestNG.main(RemoteTestNG.java:91)
]]>
            </full-stacktrace>
          </exception> <!-- java.lang.AssertionError -->
          <reporter-output>
          </reporter-output>
        </test-method> <!-- accountInfo -->
      </class> <!-- testCases.AccountInfotestCases -->
      <class name="testCases.SignUpTestCases">
        <test-method is-config="true" signature="init()[pri:0, instance:testCases.SignUpTestCases@4c309d4d]" started-at="2026-04-11T09:30:31 IST" name="init" finished-at="2026-04-11T09:30:38 IST" duration-ms="6720" status="PASS">
          <reporter-output>
          </reporter-output>
        </test-method> <!-- init -->
        <test-method signature="signUp(java.lang.String,java.lang.String)[pri:1, instance:testCases.SignUpTestCases@4c309d4d]" started-at="2026-04-11T09:30:41 IST" name="signUp" data-provider="signUpDatas" finished-at="2026-04-11T09:31:06 IST" duration-ms="24941" status="PASS">
          <params>
            <param index="0">
              <value>
                <![CDATA[santhoshkumar]]>
              </value>
            </param>
            <param index="1">
              <value>
                <![CDATA[sannn@med.com]]>
              </value>
            </param>
          </params>
          <reporter-output>
          </reporter-output>
        </test-method> <!-- signUp -->
      </class> <!-- testCases.SignUpTestCases -->
    </test> <!-- register test cases -->
  </suite> <!-- register user suite -->
</testng-results>
