<?xml version="1.0" encoding="UTF-8"?>
<testng-results ignored="0" total="5" passed="5" failed="0" skipped="0">
  <reporter-output>
  </reporter-output>
  <suite started-at="2026-04-23T23:57:10 IST" name="Default suite" finished-at="2026-04-23T23:58:57 IST" duration-ms="106721">
    <groups>
    </groups>
    <test started-at="2026-04-23T23:57:10 IST" name="Default test" finished-at="2026-04-23T23:58:57 IST" duration-ms="106721">
      <class name="testPages.LoginToMedptAccount">
        <test-method signature="loginPage()[pri:1, instance:testPages.LoginToMedptAccount@5e5d171f]" started-at="2026-04-23T23:57:10 IST" name="loginPage" finished-at="2026-04-23T23:57:19 IST" duration-ms="8478" status="PASS">
          <reporter-output>
          </reporter-output>
        </test-method> <!-- loginPage -->
        <test-method signature="switchToNewTab()[pri:2, instance:testPages.LoginToMedptAccount@5e5d171f]" started-at="2026-04-23T23:57:19 IST" name="switchToNewTab" finished-at="2026-04-23T23:57:27 IST" duration-ms="7788" status="PASS">
          <reporter-output>
          </reporter-output>
        </test-method> <!-- switchToNewTab -->
        <test-method signature="switchToOldTab()[pri:3, instance:testPages.LoginToMedptAccount@5e5d171f]" started-at="2026-04-23T23:57:27 IST" name="switchToOldTab" finished-at="2026-04-23T23:57:30 IST" depends-on-methods="testPages.LoginToMedptAccount.switchToNewTab" duration-ms="3156" status="PASS">
          <reporter-output>
          </reporter-output>
        </test-method> <!-- switchToOldTab -->
        <test-method signature="trialPort()[pri:4, instance:testPages.LoginToMedptAccount@5e5d171f]" started-at="2026-04-23T23:57:30 IST" name="trialPort" finished-at="2026-04-23T23:58:38 IST" duration-ms="68669" status="PASS">
          <reporter-output>
          </reporter-output>
        </test-method> <!-- trialPort -->
        <test-method signature="safetyRerportsPage()[pri:5, instance:testPages.LoginToMedptAccount@5e5d171f]" started-at="2026-04-23T23:58:38 IST" name="safetyRerportsPage" finished-at="2026-04-23T23:58:57 IST" depends-on-methods="testPages.LoginToMedptAccount.trialPort" duration-ms="18480" status="PASS">
          <reporter-output>
          </reporter-output>
        </test-method> <!-- safetyRerportsPage -->
      </class> <!-- testPages.LoginToMedptAccount -->
    </test> <!-- Default test -->
  </suite> <!-- Default suite -->
</testng-results>
