<?xml version="1.0" encoding="UTF-8"?>
<!-- Generated by org.testng.reporters.JUnitReportReporter -->
<testsuite hostname="santhoshkumar" failures="0" tests="5" name="testPages.LoginToMedptAccount" time="106.571" errors="0" timestamp="2026-04-23T23:58:57 IST" skipped="0">
  <testcase classname="testPages.LoginToMedptAccount" name="loginPage" time="8.478"/>
  <testcase classname="testPages.LoginToMedptAccount" name="switchToNewTab" time="7.788"/>
  <testcase classname="testPages.LoginToMedptAccount" name="switchToOldTab" time="3.156"/>
  <testcase classname="testPages.LoginToMedptAccount" name="trialPort" time="68.669"/>
  <testcase classname="testPages.LoginToMedptAccount" name="safetyRerportsPage" time="18.480"/>
</testsuite> <!-- testPages.LoginToMedptAccount -->
